{"D:\\Documents\\bc-engineNodeReactGIT\\BC-Engine\\server\\app.js": {"path":"D:\\Documents\\bc-engineNodeReactGIT\\BC-Engine\\server\\app.js","statementMap":{"0":{"start":{"line":1,"column":13},"end":{"line":1,"column":28}},"1":{"start":{"line":2,"column":16},"end":{"line":2,"column":34}},"2":{"start":{"line":3,"column":19},"end":{"line":3,"column":41}},"3":{"start":{"line":6,"column":0},"end":{"line":34,"column":2}},"4":{"start":{"line":7,"column":14},"end":{"line":7,"column":23}},"5":{"start":{"line":9,"column":2},"end":{"line":9,"column":84}},"6":{"start":{"line":10,"column":2},"end":{"line":10,"column":29}},"7":{"start":{"line":11,"column":2},"end":{"line":11,"column":51}},"8":{"start":{"line":14,"column":2},"end":{"line":16,"column":3}},"9":{"start":{"line":15,"column":4},"end":{"line":15,"column":20}},"10":{"start":{"line":21,"column":2},"end":{"line":23,"column":5}},"11":{"start":{"line":22,"column":4},"end":{"line":22,"column":52}},"12":{"start":{"line":26,"column":2},"end":{"line":26,"column":36}},"13":{"start":{"line":29,"column":2},"end":{"line":31,"column":5}},"14":{"start":{"line":30,"column":4},"end":{"line":30,"column":79}},"15":{"start":{"line":33,"column":2},"end":{"line":33,"column":13}}},"fnMap":{"0":{"name":"(anonymous_0)","decl":{"start":{"line":6,"column":18},"end":{"line":6,"column":19}},"loc":{"start":{"line":6,"column":32},"end":{"line":34,"column":1}},"line":6},"1":{"name":"(anonymous_1)","decl":{"start":{"line":21,"column":18},"end":{"line":21,"column":19}},"loc":{"start":{"line":21,"column":38},"end":{"line":23,"column":3}},"line":21},"2":{"name":"(anonymous_2)","decl":{"start":{"line":29,"column":15},"end":{"line":29,"column":16}},"loc":{"start":{"line":29,"column":29},"end":{"line":31,"column":3}},"line":29}},"branchMap":{"0":{"loc":{"start":{"line":14,"column":2},"end":{"line":16,"column":3}},"type":"if","locations":[{"start":{"line":14,"column":2},"end":{"line":16,"column":3}},{"start":{},"end":{}}],"line":14}},"s":{"0":1,"1":1,"2":1,"3":1,"4":1,"5":1,"6":1,"7":1,"8":1,"9":0,"10":1,"11":3,"12":1,"13":1,"14":0,"15":1},"f":{"0":1,"1":3,"2":0},"b":{"0":[0,1]},"_coverageSchema":"1a1c01bbd47fc00a2c39e90264f33305004495a9","hash":"fe0ae34ec92e35af4c410d547b8ae8f7d86a044f"}
,"D:\\Documents\\bc-engineNodeReactGIT\\BC-Engine\\server\\api\\user.controller.js": {"path":"D:\\Documents\\bc-engineNodeReactGIT\\BC-Engine\\server\\api\\user.controller.js","statementMap":{"0":{"start":{"line":1,"column":16},"end":{"line":1,"column":55}},"1":{"start":{"line":2,"column":13},"end":{"line":2,"column":26}},"2":{"start":{"line":3,"column":11},"end":{"line":3,"column":31}},"3":{"start":{"line":6,"column":0},"end":{"line":34,"column":2}},"4":{"start":{"line":9,"column":4},"end":{"line":14,"column":5}},"5":{"start":{"line":10,"column":8},"end":{"line":12,"column":11}},"6":{"start":{"line":13,"column":8},"end":{"line":13,"column":15}},"7":{"start":{"line":17,"column":17},"end":{"line":22,"column":5}},"8":{"start":{"line":25,"column":4},"end":{"line":33,"column":11}},"9":{"start":{"line":27,"column":12},"end":{"line":27,"column":27}},"10":{"start":{"line":30,"column":12},"end":{"line":32,"column":15}},"11":{"start":{"line":37,"column":0},"end":{"line":47,"column":2}},"12":{"start":{"line":38,"column":4},"end":{"line":46,"column":11}},"13":{"start":{"line":40,"column":12},"end":{"line":40,"column":27}},"14":{"start":{"line":43,"column":12},"end":{"line":45,"column":15}},"15":{"start":{"line":50,"column":0},"end":{"line":64,"column":2}},"16":{"start":{"line":51,"column":4},"end":{"line":63,"column":7}},"17":{"start":{"line":57,"column":8},"end":{"line":57,"column":23}},"18":{"start":{"line":60,"column":8},"end":{"line":62,"column":11}},"19":{"start":{"line":67,"column":0},"end":{"line":111,"column":2}},"20":{"start":{"line":68,"column":17},"end":{"line":68,"column":25}},"21":{"start":{"line":69,"column":4},"end":{"line":108,"column":7}},"22":{"start":{"line":70,"column":8},"end":{"line":107,"column":9}},"23":{"start":{"line":71,"column":12},"end":{"line":96,"column":10}},"24":{"start":{"line":77,"column":12},"end":{"line":95,"column":13}},"25":{"start":{"line":78,"column":16},"end":{"line":80,"column":19}},"26":{"start":{"line":81,"column":16},"end":{"line":81,"column":31}},"27":{"start":{"line":84,"column":16},"end":{"line":94,"column":17}},"28":{"start":{"line":87,"column":24},"end":{"line":89,"column":27}},"29":{"start":{"line":90,"column":24},"end":{"line":90,"column":39}},"30":{"start":{"line":92,"column":20},"end":{"line":92,"column":49}},"31":{"start":{"line":93,"column":20},"end":{"line":93,"column":48}},"32":{"start":{"line":98,"column":29},"end":{"line":104,"column":13}},"33":{"start":{"line":105,"column":12},"end":{"line":105,"column":43}},"34":{"start":{"line":106,"column":12},"end":{"line":106,"column":29}}},"fnMap":{"0":{"name":"(anonymous_0)","decl":{"start":{"line":6,"column":17},"end":{"line":6,"column":18}},"loc":{"start":{"line":6,"column":31},"end":{"line":34,"column":1}},"line":6},"1":{"name":"(anonymous_1)","decl":{"start":{"line":26,"column":14},"end":{"line":26,"column":15}},"loc":{"start":{"line":26,"column":22},"end":{"line":28,"column":9}},"line":26},"2":{"name":"(anonymous_2)","decl":{"start":{"line":29,"column":15},"end":{"line":29,"column":16}},"loc":{"start":{"line":29,"column":22},"end":{"line":33,"column":9}},"line":29},"3":{"name":"(anonymous_3)","decl":{"start":{"line":37,"column":18},"end":{"line":37,"column":19}},"loc":{"start":{"line":37,"column":32},"end":{"line":47,"column":1}},"line":37},"4":{"name":"(anonymous_4)","decl":{"start":{"line":39,"column":14},"end":{"line":39,"column":15}},"loc":{"start":{"line":39,"column":22},"end":{"line":41,"column":9}},"line":39},"5":{"name":"(anonymous_5)","decl":{"start":{"line":42,"column":15},"end":{"line":42,"column":16}},"loc":{"start":{"line":42,"column":22},"end":{"line":46,"column":9}},"line":42},"6":{"name":"(anonymous_6)","decl":{"start":{"line":50,"column":20},"end":{"line":50,"column":21}},"loc":{"start":{"line":50,"column":34},"end":{"line":64,"column":1}},"line":50},"7":{"name":"(anonymous_7)","decl":{"start":{"line":56,"column":10},"end":{"line":56,"column":11}},"loc":{"start":{"line":56,"column":20},"end":{"line":58,"column":5}},"line":56},"8":{"name":"(anonymous_8)","decl":{"start":{"line":59,"column":11},"end":{"line":59,"column":12}},"loc":{"start":{"line":59,"column":20},"end":{"line":63,"column":5}},"line":59},"9":{"name":"(anonymous_9)","decl":{"start":{"line":67,"column":36},"end":{"line":67,"column":37}},"loc":{"start":{"line":67,"column":50},"end":{"line":111,"column":1}},"line":67},"10":{"name":"(anonymous_10)","decl":{"start":{"line":69,"column":23},"end":{"line":69,"column":24}},"loc":{"start":{"line":69,"column":44},"end":{"line":108,"column":5}},"line":69},"11":{"name":"(anonymous_11)","decl":{"start":{"line":76,"column":14},"end":{"line":76,"column":15}},"loc":{"start":{"line":76,"column":34},"end":{"line":96,"column":9}},"line":76}},"branchMap":{"0":{"loc":{"start":{"line":9,"column":4},"end":{"line":14,"column":5}},"type":"if","locations":[{"start":{"line":9,"column":4},"end":{"line":14,"column":5}},{"start":{},"end":{}}],"line":9},"1":{"loc":{"start":{"line":31,"column":25},"end":{"line":31,"column":92}},"type":"binary-expr","locations":[{"start":{"line":31,"column":25},"end":{"line":31,"column":36}},{"start":{"line":31,"column":40},"end":{"line":31,"column":92}}],"line":31},"2":{"loc":{"start":{"line":44,"column":25},"end":{"line":44,"column":86}},"type":"binary-expr","locations":[{"start":{"line":44,"column":25},"end":{"line":44,"column":36}},{"start":{"line":44,"column":40},"end":{"line":44,"column":86}}],"line":44},"3":{"loc":{"start":{"line":61,"column":20},"end":{"line":61,"column":78}},"type":"binary-expr","locations":[{"start":{"line":61,"column":20},"end":{"line":61,"column":31}},{"start":{"line":61,"column":35},"end":{"line":61,"column":78}}],"line":61},"4":{"loc":{"start":{"line":77,"column":12},"end":{"line":95,"column":13}},"type":"if","locations":[{"start":{"line":77,"column":12},"end":{"line":95,"column":13}},{"start":{"line":83,"column":19},"end":{"line":95,"column":13}}],"line":77},"5":{"loc":{"start":{"line":84,"column":16},"end":{"line":94,"column":17}},"type":"if","locations":[{"start":{"line":84,"column":16},"end":{"line":94,"column":17}},{"start":{"line":91,"column":23},"end":{"line":94,"column":17}}],"line":84},"6":{"loc":{"start":{"line":84,"column":20},"end":{"line":86,"column":49}},"type":"binary-expr","locations":[{"start":{"line":84,"column":20},"end":{"line":84,"column":49}},{"start":{"line":85,"column":20},"end":{"line":86,"column":49}}],"line":84},"7":{"loc":{"start":{"line":102,"column":29},"end":{"line":102,"column":65}},"type":"binary-expr","locations":[{"start":{"line":102,"column":29},"end":{"line":102,"column":42}},{"start":{"line":102,"column":46},"end":{"line":102,"column":65}}],"line":102}},"s":{"0":1,"1":1,"2":1,"3":1,"4":2,"5":1,"6":1,"7":1,"8":1,"9":0,"10":1,"11":1,"12":0,"13":0,"14":0,"15":1,"16":0,"17":0,"18":0,"19":1,"20":0,"21":0,"22":0,"23":0,"24":0,"25":0,"26":0,"27":0,"28":0,"29":0,"30":0,"31":0,"32":0,"33":0,"34":0},"f":{"0":2,"1":0,"2":1,"3":0,"4":0,"5":0,"6":0,"7":0,"8":0,"9":0,"10":0,"11":0},"b":{"0":[1,1],"1":[1,0],"2":[0,0],"3":[0,0],"4":[0,0],"5":[0,0],"6":[0,0],"7":[0,0]},"_coverageSchema":"1a1c01bbd47fc00a2c39e90264f33305004495a9","hash":"f8e02e8e9efc5e656f88d6da28e8a9a1308e91a9"}
,"D:\\Documents\\bc-engineNodeReactGIT\\BC-Engine\\server\\api\\user.routes.js": {"path":"D:\\Documents\\bc-engineNodeReactGIT\\BC-Engine\\server\\api\\user.routes.js","statementMap":{"0":{"start":{"line":1,"column":16},"end":{"line":1,"column":55}},"1":{"start":{"line":2,"column":13},"end":{"line":2,"column":26}},"2":{"start":{"line":4,"column":0},"end":{"line":23,"column":2}},"3":{"start":{"line":5,"column":18},"end":{"line":5,"column":46}},"4":{"start":{"line":7,"column":19},"end":{"line":7,"column":46}},"5":{"start":{"line":10,"column":4},"end":{"line":10,"column":35}},"6":{"start":{"line":13,"column":4},"end":{"line":13,"column":35}},"7":{"start":{"line":16,"column":4},"end":{"line":16,"column":66}},"8":{"start":{"line":19,"column":4},"end":{"line":19,"column":43}},"9":{"start":{"line":22,"column":4},"end":{"line":22,"column":34}}},"fnMap":{"0":{"name":"(anonymous_0)","decl":{"start":{"line":4,"column":17},"end":{"line":4,"column":18}},"loc":{"start":{"line":4,"column":24},"end":{"line":23,"column":1}},"line":4}},"branchMap":{},"s":{"0":1,"1":1,"2":1,"3":1,"4":1,"5":1,"6":1,"7":1,"8":1,"9":1},"f":{"0":1},"b":{},"_coverageSchema":"1a1c01bbd47fc00a2c39e90264f33305004495a9","hash":"552de61d8ef5beadef50739895c682785a42d21e"}
,"D:\\Documents\\bc-engineNodeReactGIT\\BC-Engine\\server\\data_access_layer\\mysqldb.config.js": {"path":"D:\\Documents\\bc-engineNodeReactGIT\\BC-Engine\\server\\data_access_layer\\mysqldb.config.js","statementMap":{"0":{"start":{"line":1,"column":0},"end":{"line":15,"column":2}}},"fnMap":{},"branchMap":{},"s":{"0":1},"f":{},"b":{},"_coverageSchema":"1a1c01bbd47fc00a2c39e90264f33305004495a9","hash":"374f4f61c7f6117d661afb0800195c5878ace25d"}
,"D:\\Documents\\bc-engineNodeReactGIT\\BC-Engine\\server\\data_access_layer\\mysqldb.js": {"path":"D:\\Documents\\bc-engineNodeReactGIT\\BC-Engine\\server\\data_access_layer\\mysqldb.js","statementMap":{"0":{"start":{"line":1,"column":19},"end":{"line":1,"column":46}},"1":{"start":{"line":3,"column":18},"end":{"line":3,"column":38}},"2":{"start":{"line":4,"column":18},"end":{"line":15,"column":2}},"3":{"start":{"line":17,"column":11},"end":{"line":17,"column":13}},"4":{"start":{"line":19,"column":0},"end":{"line":19,"column":25}},"5":{"start":{"line":20,"column":0},"end":{"line":20,"column":25}},"6":{"start":{"line":23,"column":0},"end":{"line":23,"column":64}},"7":{"start":{"line":25,"column":0},"end":{"line":56,"column":1}},"8":{"start":{"line":26,"column":2},"end":{"line":55,"column":7}},"9":{"start":{"line":28,"column":6},"end":{"line":44,"column":11}},"10":{"start":{"line":47,"column":6},"end":{"line":49,"column":9}},"11":{"start":{"line":48,"column":8},"end":{"line":48,"column":32}},"12":{"start":{"line":52,"column":6},"end":{"line":54,"column":7}},"13":{"start":{"line":53,"column":8},"end":{"line":53,"column":57}},"14":{"start":{"line":58,"column":0},"end":{"line":58,"column":20}}},"fnMap":{"0":{"name":"(anonymous_0)","decl":{"start":{"line":25,"column":10},"end":{"line":25,"column":11}},"loc":{"start":{"line":25,"column":16},"end":{"line":56,"column":1}},"line":25},"1":{"name":"(anonymous_1)","decl":{"start":{"line":27,"column":10},"end":{"line":27,"column":11}},"loc":{"start":{"line":27,"column":20},"end":{"line":45,"column":5}},"line":27},"2":{"name":"(anonymous_2)","decl":{"start":{"line":46,"column":10},"end":{"line":46,"column":11}},"loc":{"start":{"line":46,"column":20},"end":{"line":50,"column":5}},"line":46},"3":{"name":"(anonymous_3)","decl":{"start":{"line":47,"column":19},"end":{"line":47,"column":20}},"loc":{"start":{"line":47,"column":26},"end":{"line":49,"column":7}},"line":47},"4":{"name":"(anonymous_4)","decl":{"start":{"line":51,"column":11},"end":{"line":51,"column":12}},"loc":{"start":{"line":51,"column":19},"end":{"line":55,"column":5}},"line":51}},"branchMap":{"0":{"loc":{"start":{"line":5,"column":8},"end":{"line":5,"column":38}},"type":"binary-expr","locations":[{"start":{"line":5,"column":8},"end":{"line":5,"column":23}},{"start":{"line":5,"column":27},"end":{"line":5,"column":38}}],"line":5},"1":{"loc":{"start":{"line":52,"column":6},"end":{"line":54,"column":7}},"type":"if","locations":[{"start":{"line":52,"column":6},"end":{"line":54,"column":7}},{"start":{},"end":{}}],"line":52}},"s":{"0":1,"1":1,"2":1,"3":1,"4":1,"5":1,"6":1,"7":1,"8":0,"9":0,"10":0,"11":0,"12":0,"13":0,"14":1},"f":{"0":0,"1":0,"2":0,"3":0,"4":0},"b":{"0":[1,0],"1":[0,0]},"_coverageSchema":"1a1c01bbd47fc00a2c39e90264f33305004495a9","hash":"3e70a40963a7f3f94f9aa337b9feecff240610ba"}
,"D:\\Documents\\bc-engineNodeReactGIT\\BC-Engine\\server\\data_access_layer\\models\\user.model.js": {"path":"D:\\Documents\\bc-engineNodeReactGIT\\BC-Engine\\server\\data_access_layer\\models\\user.model.js","statementMap":{"0":{"start":{"line":1,"column":22},"end":{"line":1,"column":47}},"1":{"start":{"line":2,"column":33},"end":{"line":2,"column":54}},"2":{"start":{"line":3,"column":15},"end":{"line":3,"column":32}},"3":{"start":{"line":5,"column":0},"end":{"line":60,"column":2}},"4":{"start":{"line":6,"column":17},"end":{"line":54,"column":5}},"5":{"start":{"line":36,"column":16},"end":{"line":39,"column":17}},"6":{"start":{"line":37,"column":33},"end":{"line":37,"column":66}},"7":{"start":{"line":38,"column":20},"end":{"line":38,"column":73}},"8":{"start":{"line":42,"column":16},"end":{"line":45,"column":17}},"9":{"start":{"line":43,"column":33},"end":{"line":43,"column":66}},"10":{"start":{"line":44,"column":20},"end":{"line":44,"column":73}},"11":{"start":{"line":50,"column":16},"end":{"line":50,"column":67}},"12":{"start":{"line":55,"column":4},"end":{"line":57,"column":5}},"13":{"start":{"line":56,"column":8},"end":{"line":56,"column":56}},"14":{"start":{"line":59,"column":4},"end":{"line":59,"column":16}}},"fnMap":{"0":{"name":"(anonymous_0)","decl":{"start":{"line":5,"column":17},"end":{"line":5,"column":18}},"loc":{"start":{"line":5,"column":43},"end":{"line":60,"column":1}},"line":5},"1":{"name":"(anonymous_1)","decl":{"start":{"line":35,"column":26},"end":{"line":35,"column":27}},"loc":{"start":{"line":35,"column":42},"end":{"line":40,"column":13}},"line":35},"2":{"name":"(anonymous_2)","decl":{"start":{"line":41,"column":25},"end":{"line":41,"column":26}},"loc":{"start":{"line":41,"column":41},"end":{"line":46,"column":13}},"line":41},"3":{"name":"(anonymous_3)","decl":{"start":{"line":49,"column":30},"end":{"line":49,"column":31}},"loc":{"start":{"line":49,"column":44},"end":{"line":51,"column":13}},"line":49},"4":{"name":"(anonymous_4)","decl":{"start":{"line":55,"column":35},"end":{"line":55,"column":36}},"loc":{"start":{"line":55,"column":61},"end":{"line":57,"column":5}},"line":55}},"branchMap":{"0":{"loc":{"start":{"line":36,"column":16},"end":{"line":39,"column":17}},"type":"if","locations":[{"start":{"line":36,"column":16},"end":{"line":39,"column":17}},{"start":{},"end":{}}],"line":36},"1":{"loc":{"start":{"line":42,"column":16},"end":{"line":45,"column":17}},"type":"if","locations":[{"start":{"line":42,"column":16},"end":{"line":45,"column":17}},{"start":{},"end":{}}],"line":42}},"s":{"0":1,"1":1,"2":1,"3":1,"4":1,"5":1,"6":0,"7":0,"8":0,"9":0,"10":0,"11":0,"12":1,"13":0,"14":1},"f":{"0":1,"1":1,"2":0,"3":0,"4":0},"b":{"0":[0,1],"1":[0,0]},"_coverageSchema":"1a1c01bbd47fc00a2c39e90264f33305004495a9","hash":"718bd907a7207ca2c9e733f0b1c26098318c937b"}
,"D:\\Documents\\bc-engineNodeReactGIT\\BC-Engine\\server\\tests\\examples\\calc.js": {"path":"D:\\Documents\\bc-engineNodeReactGIT\\BC-Engine\\server\\tests\\examples\\calc.js","statementMap":{"0":{"start":{"line":3,"column":0},"end":{"line":14,"column":2}},"1":{"start":{"line":5,"column":8},"end":{"line":5,"column":27}},"2":{"start":{"line":8,"column":8},"end":{"line":8,"column":27}},"3":{"start":{"line":11,"column":8},"end":{"line":11,"column":42}}},"fnMap":{"0":{"name":"(anonymous_0)","decl":{"start":{"line":4,"column":9},"end":{"line":4,"column":10}},"loc":{"start":{"line":4,"column":27},"end":{"line":6,"column":5}},"line":4},"1":{"name":"(anonymous_1)","decl":{"start":{"line":7,"column":15},"end":{"line":7,"column":16}},"loc":{"start":{"line":7,"column":31},"end":{"line":9,"column":5}},"line":7},"2":{"name":"(anonymous_2)","decl":{"start":{"line":10,"column":10},"end":{"line":10,"column":11}},"loc":{"start":{"line":10,"column":16},"end":{"line":12,"column":5}},"line":10}},"branchMap":{},"s":{"0":1,"1":1,"2":1,"3":2},"f":{"0":1,"1":1,"2":2},"b":{},"_coverageSchema":"1a1c01bbd47fc00a2c39e90264f33305004495a9","hash":"39b46b65776a27560fdbfd0e6be6816a7ef1d91c"}
,"D:\\Documents\\bc-engineNodeReactGIT\\BC-Engine\\server\\tests\\examples\\cloneArray.js": {"path":"D:\\Documents\\bc-engineNodeReactGIT\\BC-Engine\\server\\tests\\examples\\cloneArray.js","statementMap":{"0":{"start":{"line":2,"column":4},"end":{"line":2,"column":22}},"1":{"start":{"line":5,"column":0},"end":{"line":5,"column":28}}},"fnMap":{"0":{"name":"cloneArray","decl":{"start":{"line":1,"column":9},"end":{"line":1,"column":19}},"loc":{"start":{"line":1,"column":27},"end":{"line":3,"column":1}},"line":1}},"branchMap":{},"s":{"0":2,"1":1},"f":{"0":2},"b":{},"_coverageSchema":"1a1c01bbd47fc00a2c39e90264f33305004495a9","hash":"0094eb35fa29034bf151ab8f308bd4b7c91d21ac"}
}
